# JRE version: OpenJDK Runtime Environment Temurin-17.0.10+7 (17.0.10+7) (build 17.0.10+7)
# Java VM: OpenJDK 64-Bit Server VM Temurin-17.0.10+7 (17.0.10+7, mixed mode, sharing, tiered, compressed oops, compressed class ptrs, g1 gc, windows-amd64)
GC Precious Log:
 CPUs: 12 total, 12 available
 Memory: 7521M
 Large Page Support: Disabled
 NUMA Support: Disabled
 Compressed Oops: Enabled (Zero based)
 Heap Region Size: 4M
 Heap Min Capacity: 8M
 Heap Initial Capacity: 120M
 Heap Max Capacity: 8G
 Pre-touch: Disabled
 Parallel Workers: 10
 Concurrent Workers: 3
 Concurrent Refinement Workers: 10
 Periodic GC: Disabled
Heap:
 garbage-first heap   total 327680K, used 205499K [0x0000000600000000, 0x0000000800000000)
  region size 4096K, 3 young (12288K), 3 survivors (12288K)
 Metaspace       used 118973K, committed 120256K, reserved 1179648K
  class space    used 16526K, committed 17152K, reserved 1048576K
GC Heap History (20 events):
Event: 86.078 GC heap after
{Heap after GC invocations=48 (full 0):
 garbage-first heap   total 319488K, used 176608K [0x0000000600000000, 0x0000000800000000)
  region size 4096K, 3 young (12288K), 3 survivors (12288K)
 Metaspace       used 109647K, committed 110784K, reserved 1179648K
  class space    used 15297K, committed 15872K, reserved 1048576K
}
Event: 87.046 GC heap before
{Heap before GC invocations=48 (full 0):
 garbage-first heap   total 319488K, used 188896K [0x0000000600000000, 0x0000000800000000)
  region size 4096K, 7 young (28672K), 3 survivors (12288K)
 Metaspace       used 110392K, committed 111488K, reserved 1179648K
  class space    used 15393K, committed 15936K, reserved 1048576K
}
Event: 87.063 GC heap after
{Heap after GC invocations=49 (full 0):
 garbage-first heap   total 319488K, used 179469K [0x0000000600000000, 0x0000000800000000)
  region size 4096K, 1 young (4096K), 1 survivors (4096K)
 Metaspace       used 110392K, committed 111488K, reserved 1179648K
  class space    used 15393K, committed 15936K, reserved 1048576K
}
Event: 88.162 GC heap before
{Heap before GC invocations=50 (full 0):
 garbage-first heap   total 327680K, used 253197K [0x0000000600000000, 0x0000000800000000)
  region size 4096K, 19 young (77824K), 1 survivors (4096K)
 Metaspace       used 113697K, committed 114880K, reserved 1179648K
  class space    used 15905K, committed 16512K, reserved 1048576K
}
Event: 88.167 GC heap after
{Heap after GC invocations=51 (full 0):
 garbage-first heap   total 327680K, used 183285K [0x0000000600000000, 0x0000000800000000)
  region size 4096K, 2 young (8192K), 2 survivors (8192K)
 Metaspace       used 113697K, committed 114880K, reserved 1179648K
  class space    used 15905K, committed 16512K, reserved 1048576K
}
Event: 88.252 GC heap before
{Heap before GC invocations=51 (full 0):
 garbage-first heap   total 327680K, used 191477K [0x0000000600000000, 0x0000000800000000)
  region size 4096K, 4 young (16384K), 2 survivors (8192K)
 Metaspace       used 114059K, committed 115200K, reserved 1179648K
  class space    used 15958K, committed 16512K, reserved 1048576K
}
Event: 88.261 GC heap after
{Heap after GC invocations=52 (full 0):
 garbage-first heap   total 327680K, used 176375K [0x0000000600000000, 0x0000000800000000)
  region size 4096K, 1 young (4096K), 1 survivors (4096K)
 Metaspace       used 114059K, committed 115200K, reserved 1179648K
  class space    used 15958K, committed 16512K, reserved 1048576K
}
Event: 95.922 GC heap before
{Heap before GC invocations=52 (full 0):
 garbage-first heap   total 327680K, used 258295K [0x0000000600000000, 0x0000000800000000)
  region size 4096K, 21 young (86016K), 1 survivors (4096K)
 Metaspace       used 117794K, committed 118976K, reserved 1179648K
  class space    used 16466K, committed 17088K, reserved 1048576K
}
Event: 95.928 GC heap after
{Heap after GC invocations=53 (full 0):
 garbage-first heap   total 327680K, used 180544K [0x0000000600000000, 0x0000000800000000)
  region size 4096K, 2 young (8192K), 2 survivors (8192K)
 Metaspace       used 117794K, committed 118976K, reserved 1179648K
  class space    used 16466K, committed 17088K, reserved 1048576K
}
Event: 96.609 GC heap before
{Heap before GC invocations=54 (full 0):
 garbage-first heap   total 327680K, used 262464K [0x0000000600000000, 0x0000000800000000)
  region size 4096K, 22 young (90112K), 2 survivors (8192K)
 Metaspace       used 118034K, committed 119232K, reserved 1179648K
  class space    used 16476K, committed 17088K, reserved 1048576K
}
Event: 96.617 GC heap after
{Heap after GC invocations=55 (full 0):
 garbage-first heap   total 327680K, used 185861K [0x0000000600000000, 0x0000000800000000)
  region size 4096K, 3 young (12288K), 3 survivors (12288K)
 Metaspace       used 118034K, committed 119232K, reserved 1179648K
  class space    used 16476K, committed 17088K, reserved 1048576K
}
Event: 96.623 GC heap before
{Heap before GC invocations=55 (full 0):
 garbage-first heap   total 327680K, used 189957K [0x0000000600000000, 0x0000000800000000)
  region size 4096K, 4 young (16384K), 3 survivors (12288K)
 Metaspace       used 118034K, committed 119232K, reserved 1179648K
  class space    used 16476K, committed 17088K, reserved 1048576K
}
Event: 96.634 GC heap after
{Heap after GC invocations=56 (full 0):
 garbage-first heap   total 327680K, used 185436K [0x0000000600000000, 0x0000000800000000)
  region size 4096K, 1 young (4096K), 1 survivors (4096K)
 Metaspace       used 118034K, committed 119232K, reserved 1179648K
  class space    used 16476K, committed 17088K, reserved 1048576K
}
Event: 97.211 GC heap before
{Heap before GC invocations=56 (full 0):
 garbage-first heap   total 327680K, used 263260K [0x0000000600000000, 0x0000000800000000)
  region size 4096K, 20 young (81920K), 1 survivors (4096K)
 Metaspace       used 118286K, committed 119488K, reserved 1179648K
  class space    used 16494K, committed 17088K, reserved 1048576K
}
Event: 97.215 GC heap after
{Heap after GC invocations=57 (full 0):
 garbage-first heap   total 327680K, used 189838K [0x0000000600000000, 0x0000000800000000)
  region size 4096K, 2 young (8192K), 2 survivors (8192K)
 Metaspace       used 118286K, committed 119488K, reserved 1179648K
  class space    used 16494K, committed 17088K, reserved 1048576K
}
Event: 100.199 GC heap before
{Heap before GC invocations=57 (full 0):
 garbage-first heap   total 327680K, used 267662K [0x0000000600000000, 0x0000000800000000)
  region size 4096K, 21 young (86016K), 2 survivors (8192K)
 Metaspace       used 118747K, committed 120000K, reserved 1179648K
  class space    used 16518K, committed 17152K, reserved 1048576K
}
Event: 100.205 GC heap after
{Heap after GC invocations=58 (full 0):
 garbage-first heap   total 327680K, used 196419K [0x0000000600000000, 0x0000000800000000)
  region size 4096K, 3 young (12288K), 3 survivors (12288K)
 Metaspace       used 118747K, committed 120000K, reserved 1179648K
  class space    used 16518K, committed 17152K, reserved 1048576K
}
Event: 100.694 GC heap before
{Heap before GC invocations=58 (full 0):
 garbage-first heap   total 327680K, used 270147K [0x0000000600000000, 0x0000000800000000)
  region size 4096K, 21 young (86016K), 3 survivors (12288K)
 Metaspace       used 118903K, committed 120192K, reserved 1179648K
  class space    used 16521K, committed 17152K, reserved 1048576K
}
Event: 100.711 GC heap after
{Heap after GC invocations=59 (full 0):
 garbage-first heap   total 327680K, used 202768K [0x0000000600000000, 0x0000000800000000)
  region size 4096K, 2 young (8192K), 2 survivors (8192K)
 Metaspace       used 118903K, committed 120192K, reserved 1179648K
  class space    used 16521K, committed 17152K, reserved 1048576K
}
Event: 101.094 GC heap before
{Heap before GC invocations=59 (full 0):
 garbage-first heap   total 327680K, used 272400K [0x0000000600000000, 0x0000000800000000)
  region size 4096K, 19 young (77824K), 2 survivors (8192K)
 Metaspace       used 118973K, committed 120256K, reserved 1179648K
  class space    used 16526K, committed 17152K, reserved 1048576K
}

