# JRE version: OpenJDK Runtime Environment Temurin-17.0.10+7 (17.0.10+7) (build 17.0.10+7)
# Java VM: OpenJDK 64-Bit Server VM Temurin-17.0.10+7 (17.0.10+7, mixed mode, sharing, tiered, compressed oops, compressed class ptrs, g1 gc, windows-amd64)
GC Precious Log:
 CPUs: 12 total, 12 available
 Memory: 7521M
 Large Page Support: Disabled
 NUMA Support: Disabled
 Compressed Oops: Enabled (Zero based)
 Heap Region Size: 4M
 Heap Min Capacity: 8M
 Heap Initial Capacity: 120M
 Heap Max Capacity: 8G
 Pre-touch: Disabled
 Parallel Workers: 10
 Concurrent Workers: 3
 Concurrent Refinement Workers: 10
 Periodic GC: Disabled
Heap:
 garbage-first heap   total 696320K, used 374367K [0x0000000600000000, 0x0000000800000000)
  region size 4096K, 40 young (163840K), 1 survivors (4096K)
 Metaspace       used 152268K, committed 153344K, reserved 1245184K
  class space    used 20131K, committed 20608K, reserved 1048576K
GC Heap History (20 events):
Event: 12.602 GC heap before
{Heap before GC invocations=38 (full 0):
 garbage-first heap   total 266240K, used 206238K [0x0000000600000000, 0x0000000800000000)
  region size 4096K, 22 young (90112K), 3 survivors (12288K)
 Metaspace       used 87806K, committed 88768K, reserved 1179648K
  class space    used 12633K, committed 13120K, reserved 1048576K
}
Event: 12.610 GC heap after
{Heap after GC invocations=39 (full 0):
 garbage-first heap   total 266240K, used 135717K [0x0000000600000000, 0x0000000800000000)
  region size 4096K, 2 young (8192K), 2 survivors (8192K)
 Metaspace       used 87806K, committed 88768K, reserved 1179648K
  class space    used 12633K, committed 13120K, reserved 1048576K
}
Event: 12.622 GC heap before
{Heap before GC invocations=39 (full 0):
 garbage-first heap   total 266240K, used 139813K [0x0000000600000000, 0x0000000800000000)
  region size 4096K, 3 young (12288K), 2 survivors (8192K)
 Metaspace       used 87806K, committed 88768K, reserved 1179648K
  class space    used 12633K, committed 13120K, reserved 1048576K
}
Event: 12.627 GC heap after
{Heap after GC invocations=40 (full 0):
 garbage-first heap   total 331776K, used 133645K [0x0000000600000000, 0x0000000800000000)
  region size 4096K, 1 young (4096K), 1 survivors (4096K)
 Metaspace       used 87806K, committed 88768K, reserved 1179648K
  class space    used 12633K, committed 13120K, reserved 1048576K
}
Event: 13.557 GC heap before
{Heap before GC invocations=40 (full 0):
 garbage-first heap   total 331776K, used 252429K [0x0000000600000000, 0x0000000800000000)
  region size 4096K, 30 young (122880K), 1 survivors (4096K)
 Metaspace       used 93299K, committed 94208K, reserved 1179648K
  class space    used 13373K, committed 13824K, reserved 1048576K
}
Event: 13.563 GC heap after
{Heap after GC invocations=41 (full 0):
 garbage-first heap   total 331776K, used 153183K [0x0000000600000000, 0x0000000800000000)
  region size 4096K, 4 young (16384K), 4 survivors (16384K)
 Metaspace       used 93299K, committed 94208K, reserved 1179648K
  class space    used 13373K, committed 13824K, reserved 1048576K
}
Event: 14.176 GC heap before
{Heap before GC invocations=41 (full 0):
 garbage-first heap   total 331776K, used 259679K [0x0000000600000000, 0x0000000800000000)
  region size 4096K, 29 young (118784K), 4 survivors (16384K)
 Metaspace       used 99242K, committed 100224K, reserved 1179648K
  class space    used 14083K, committed 14528K, reserved 1048576K
}
Event: 14.192 GC heap after
{Heap after GC invocations=42 (full 0):
 garbage-first heap   total 331776K, used 171203K [0x0000000600000000, 0x0000000800000000)
  region size 4096K, 4 young (16384K), 4 survivors (16384K)
 Metaspace       used 99242K, committed 100224K, reserved 1179648K
  class space    used 14083K, committed 14528K, reserved 1048576K
}
Event: 15.272 GC heap before
{Heap before GC invocations=42 (full 0):
 garbage-first heap   total 331776K, used 240835K [0x0000000600000000, 0x0000000800000000)
  region size 4096K, 22 young (90112K), 4 survivors (16384K)
 Metaspace       used 103310K, committed 104256K, reserved 1179648K
  class space    used 14551K, committed 15040K, reserved 1048576K
}
Event: 15.286 GC heap after
{Heap after GC invocations=43 (full 0):
 garbage-first heap   total 331776K, used 184743K [0x0000000600000000, 0x0000000800000000)
  region size 4096K, 4 young (16384K), 4 survivors (16384K)
 Metaspace       used 103310K, committed 104256K, reserved 1179648K
  class space    used 14551K, committed 15040K, reserved 1048576K
}
Event: 15.853 GC heap before
{Heap before GC invocations=44 (full 0):
 garbage-first heap   total 348160K, used 262567K [0x0000000600000000, 0x0000000800000000)
  region size 4096K, 21 young (86016K), 4 survivors (16384K)
 Metaspace       used 109013K, committed 110016K, reserved 1179648K
  class space    used 15069K, committed 15552K, reserved 1048576K
}
Event: 15.860 GC heap after
{Heap after GC invocations=45 (full 0):
 garbage-first heap   total 348160K, used 200544K [0x0000000600000000, 0x0000000800000000)
  region size 4096K, 2 young (8192K), 2 survivors (8192K)
 Metaspace       used 109013K, committed 110016K, reserved 1179648K
  class space    used 15069K, committed 15552K, reserved 1048576K
}
Event: 15.923 GC heap before
{Heap before GC invocations=45 (full 0):
 garbage-first heap   total 348160K, used 208736K [0x0000000600000000, 0x0000000800000000)
  region size 4096K, 4 young (16384K), 2 survivors (8192K)
 Metaspace       used 109893K, committed 110912K, reserved 1179648K
  class space    used 15171K, committed 15616K, reserved 1048576K
}
Event: 15.927 GC heap after
{Heap after GC invocations=46 (full 0):
 garbage-first heap   total 348160K, used 199412K [0x0000000600000000, 0x0000000800000000)
  region size 4096K, 1 young (4096K), 1 survivors (4096K)
 Metaspace       used 109893K, committed 110912K, reserved 1179648K
  class space    used 15171K, committed 15616K, reserved 1048576K
}
Event: 16.536 GC heap before
{Heap before GC invocations=46 (full 0):
 garbage-first heap   total 348160K, used 269044K [0x0000000600000000, 0x0000000800000000)
  region size 4096K, 19 young (77824K), 1 survivors (4096K)
 Metaspace       used 117037K, committed 118016K, reserved 1179648K
  class space    used 16046K, committed 16512K, reserved 1048576K
}
Event: 16.542 GC heap after
{Heap after GC invocations=47 (full 0):
 garbage-first heap   total 696320K, used 204575K [0x0000000600000000, 0x0000000800000000)
  region size 4096K, 2 young (8192K), 2 survivors (8192K)
 Metaspace       used 117037K, committed 118016K, reserved 1179648K
  class space    used 16046K, committed 16512K, reserved 1048576K
}
Event: 23.528 GC heap before
{Heap before GC invocations=48 (full 0):
 garbage-first heap   total 696320K, used 499487K [0x0000000600000000, 0x0000000800000000)
  region size 4096K, 74 young (303104K), 2 survivors (8192K)
 Metaspace       used 141776K, committed 142784K, reserved 1179648K
  class space    used 18551K, committed 19008K, reserved 1048576K
}
Event: 23.541 GC heap after
{Heap after GC invocations=49 (full 0):
 garbage-first heap   total 696320K, used 217691K [0x0000000600000000, 0x0000000800000000)
  region size 4096K, 5 young (20480K), 5 survivors (20480K)
 Metaspace       used 141776K, committed 142784K, reserved 1179648K
  class space    used 18551K, committed 19008K, reserved 1048576K
}
Event: 23.716 GC heap before
{Heap before GC invocations=49 (full 0):
 garbage-first heap   total 696320K, used 229979K [0x0000000600000000, 0x0000000800000000)
  region size 4096K, 8 young (32768K), 5 survivors (20480K)
 Metaspace       used 142533K, committed 143552K, reserved 1179648K
  class space    used 18656K, committed 19136K, reserved 1048576K
}
Event: 23.725 GC heap after
{Heap after GC invocations=50 (full 0):
 garbage-first heap   total 696320K, used 218719K [0x0000000600000000, 0x0000000800000000)
  region size 4096K, 1 young (4096K), 1 survivors (4096K)
 Metaspace       used 142533K, committed 143552K, reserved 1179648K
  class space    used 18656K, committed 19136K, reserved 1048576K
}

